-------------------------------------------------------------------------------
Test set: TestSuite
-------------------------------------------------------------------------------
Tests run: 1, Failures: 1, Errors: 0, Skipped: 0, Time elapsed: 5.189 s <<< FAILURE! - in TestSuite
cucumberOptions.TestNGTestRunner.setUpClass[org.testng.TestRunner@d6e7bab](0)  Time elapsed: 4.242 s  <<< FAILURE!
java.lang.IllegalArgumentException: path must exist: C:\Users\Sajal\eclipse-workspace\CucumberWebTest\src\test\java\checkout.feature

