<?xml version="1.0" encoding="UTF-8"?>
<testng-results ignored="0" total="1" passed="0" failed="1" skipped="0">
  <reporter-output>
  </reporter-output>
  <suite started-at="2022-09-02T22:53:05 IST" name="Default suite" finished-at="2022-09-02T22:53:40 IST" duration-ms="35021">
    <groups>
      <group name="cucumber">
        <method signature="AbstractTestNGCucumberTests.runScenario(io.cucumber.testng.PickleWrapper,io.cucumber.testng.FeatureWrapper)[pri:0, instance:cucumberOptions.FailedScenariosTestRunner@1e0b4072]" name="runScenario" class="io.cucumber.testng.AbstractTestNGCucumberTests"/>
      </group> <!-- cucumber -->
    </groups>
    <test started-at="2022-09-02T22:53:05 IST" name="Default test" finished-at="2022-09-02T22:53:40 IST" duration-ms="35021">
      <class name="cucumberOptions.FailedScenariosTestRunner">
        <test-method is-config="true" signature="setUpClass(org.testng.ITestContext)[pri:0, instance:cucumberOptions.FailedScenariosTestRunner@1e0b4072]" started-at="2022-09-02T22:53:05 IST" name="setUpClass" finished-at="2022-09-02T22:53:10 IST" duration-ms="4741" status="PASS">
          <params>
            <param index="0">
              <value>
                <![CDATA[org.testng.TestRunner@2cc04358]]>
              </value>
            </param>
          </params>
          <reporter-output>
          </reporter-output>
        </test-method> <!-- setUpClass -->
        <test-method signature="runScenario(io.cucumber.testng.PickleWrapper,io.cucumber.testng.FeatureWrapper)[pri:0, instance:cucumberOptions.FailedScenariosTestRunner@1e0b4072]" started-at="2022-09-02T22:53:10 IST" name="runScenario" description="Runs Cucumber Scenarios" data-provider="scenarios" finished-at="2022-09-02T22:53:38 IST" duration-ms="28052" status="FAIL">
          <params>
            <param index="0">
              <value>
                <![CDATA["Search product in home and offer page"]]>
              </value>
            </param>
            <param index="1">
              <value>
                <![CDATA["Product searching in GreenKart"]]>
              </value>
            </param>
          </params>
          <exception class="java.lang.AssertionError">
            <message>
              <![CDATA[expected [No data] but found [Beetroot]]]>
            </message>
            <full-stacktrace>
              <![CDATA[java.lang.AssertionError: expected [No data] but found [Beetroot]
at org.testng.Assert.fail(Assert.java:99)
at org.testng.Assert.failNotEquals(Assert.java:1037)
at org.testng.Assert.assertEqualsImpl(Assert.java:140)
at org.testng.Assert.assertEquals(Assert.java:122)
at org.testng.Assert.assertEquals(Assert.java:629)
at org.testng.Assert.assertEquals(Assert.java:639)
at stepDefinations.OfferPageStepDefination.check_if_strings_match(OfferPageStepDefination.java:53)
at âœ½.checks if extracted strings match(file:///C:/Users/Sajal/eclipse-workspace/CucumberWebTest/src/test/java/features/product_search.feature:8)
]]>
            </full-stacktrace>
          </exception> <!-- java.lang.AssertionError -->
          <reporter-output>
          </reporter-output>
        </test-method> <!-- runScenario -->
        <test-method is-config="true" signature="tearDownClass()[pri:0, instance:cucumberOptions.FailedScenariosTestRunner@1e0b4072]" started-at="2022-09-02T22:53:38 IST" name="tearDownClass" finished-at="2022-09-02T22:53:40 IST" duration-ms="2047" status="PASS">
          <reporter-output>
          </reporter-output>
        </test-method> <!-- tearDownClass -->
      </class> <!-- cucumberOptions.FailedScenariosTestRunner -->
    </test> <!-- Default test -->
  </suite> <!-- Default suite -->
</testng-results>
